# JRE version: OpenJDK Runtime Environment (17.0.10) (build 17.0.10+0--11572160)
# Java VM: OpenJDK 64-Bit Server VM (17.0.10+0--11572160, mixed mode, tiered, compressed oops, compressed class ptrs, g1 gc, windows-amd64)
GC Precious Log:
 CPUs: 8 total, 8 available
 Memory: 8037M
 Large Page Support: Disabled
 NUMA Support: Disabled
 Compressed Oops: Enabled (32-bit)
 Heap Region Size: 1M
 Heap Min Capacity: 8M
 Heap Initial Capacity: 126M
 Heap Max Capacity: 2G
 Pre-touch: Disabled
 Parallel Workers: 8
 Concurrent Workers: 2
 Concurrent Refinement Workers: 8
 Periodic GC: Disabled
Heap:
 garbage-first heap   total 159744K, used 108014K [0x0000000080000000, 0x0000000100000000)
  region size 1024K, 3 young (3072K), 3 survivors (3072K)
 Metaspace       used 106369K, committed 107136K, reserved 1179648K
  class space    used 14787K, committed 15168K, reserved 1048576K
GC Heap History (20 events):
Event: 18.229 GC heap after
{Heap after GC invocations=31 (full 0):
 garbage-first heap   total 159744K, used 82537K [0x0000000080000000, 0x0000000100000000)
  region size 1024K, 2 young (2048K), 2 survivors (2048K)
 Metaspace       used 84557K, committed 85120K, reserved 1179648K
  class space    used 11495K, committed 11776K, reserved 1048576K
}
Event: 19.547 GC heap before
{Heap before GC invocations=31 (full 0):
 garbage-first heap   total 159744K, used 130665K [0x0000000080000000, 0x0000000100000000)
  region size 1024K, 49 young (50176K), 2 survivors (2048K)
 Metaspace       used 85897K, committed 86528K, reserved 1179648K
  class space    used 11665K, committed 11968K, reserved 1048576K
}
Event: 19.554 GC heap after
{Heap after GC invocations=32 (full 0):
 garbage-first heap   total 159744K, used 86569K [0x0000000080000000, 0x0000000100000000)
  region size 1024K, 6 young (6144K), 6 survivors (6144K)
 Metaspace       used 85897K, committed 86528K, reserved 1179648K
  class space    used 11665K, committed 11968K, reserved 1048576K
}
Event: 21.087 GC heap before
{Heap before GC invocations=32 (full 0):
 garbage-first heap   total 159744K, used 132649K [0x0000000080000000, 0x0000000100000000)
  region size 1024K, 50 young (51200K), 6 survivors (6144K)
 Metaspace       used 88965K, committed 89600K, reserved 1179648K
  class space    used 12103K, committed 12416K, reserved 1048576K
}
Event: 21.093 GC heap after
{Heap after GC invocations=33 (full 0):
 garbage-first heap   total 159744K, used 88654K [0x0000000080000000, 0x0000000100000000)
  region size 1024K, 3 young (3072K), 3 survivors (3072K)
 Metaspace       used 88965K, committed 89600K, reserved 1179648K
  class space    used 12103K, committed 12416K, reserved 1048576K
}
Event: 22.373 GC heap before
{Heap before GC invocations=33 (full 0):
 garbage-first heap   total 159744K, used 131662K [0x0000000080000000, 0x0000000100000000)
  region size 1024K, 45 young (46080K), 3 survivors (3072K)
 Metaspace       used 92006K, committed 92672K, reserved 1179648K
  class space    used 12735K, committed 13056K, reserved 1048576K
}
Event: 22.382 GC heap after
{Heap after GC invocations=34 (full 0):
 garbage-first heap   total 159744K, used 89621K [0x0000000080000000, 0x0000000100000000)
  region size 1024K, 4 young (4096K), 4 survivors (4096K)
 Metaspace       used 92006K, committed 92672K, reserved 1179648K
  class space    used 12735K, committed 13056K, reserved 1048576K
}
Event: 23.651 GC heap before
{Heap before GC invocations=34 (full 0):
 garbage-first heap   total 159744K, used 132629K [0x0000000080000000, 0x0000000100000000)
  region size 1024K, 46 young (47104K), 4 survivors (4096K)
 Metaspace       used 94886K, committed 95616K, reserved 1179648K
  class space    used 13143K, committed 13504K, reserved 1048576K
}
Event: 23.657 GC heap after
{Heap after GC invocations=35 (full 0):
 garbage-first heap   total 159744K, used 91611K [0x0000000080000000, 0x0000000100000000)
  region size 1024K, 5 young (5120K), 5 survivors (5120K)
 Metaspace       used 94886K, committed 95616K, reserved 1179648K
  class space    used 13143K, committed 13504K, reserved 1048576K
}
Event: 24.455 GC heap before
{Heap before GC invocations=35 (full 0):
 garbage-first heap   total 159744K, used 134619K [0x0000000080000000, 0x0000000100000000)
  region size 1024K, 47 young (48128K), 5 survivors (5120K)
 Metaspace       used 98118K, committed 98816K, reserved 1179648K
  class space    used 13604K, committed 13952K, reserved 1048576K
}
Event: 24.461 GC heap after
{Heap after GC invocations=36 (full 0):
 garbage-first heap   total 159744K, used 94092K [0x0000000080000000, 0x0000000100000000)
  region size 1024K, 5 young (5120K), 5 survivors (5120K)
 Metaspace       used 98118K, committed 98816K, reserved 1179648K
  class space    used 13604K, committed 13952K, reserved 1048576K
}
Event: 25.165 GC heap before
{Heap before GC invocations=36 (full 0):
 garbage-first heap   total 159744K, used 135052K [0x0000000080000000, 0x0000000100000000)
  region size 1024K, 45 young (46080K), 5 survivors (5120K)
 Metaspace       used 102157K, committed 102912K, reserved 1179648K
  class space    used 14170K, committed 14528K, reserved 1048576K
}
Event: 25.170 GC heap after
{Heap after GC invocations=37 (full 0):
 garbage-first heap   total 159744K, used 96155K [0x0000000080000000, 0x0000000100000000)
  region size 1024K, 5 young (5120K), 5 survivors (5120K)
 Metaspace       used 102157K, committed 102912K, reserved 1179648K
  class space    used 14170K, committed 14528K, reserved 1048576K
}
Event: 25.750 GC heap before
{Heap before GC invocations=37 (full 0):
 garbage-first heap   total 159744K, used 135067K [0x0000000080000000, 0x0000000100000000)
  region size 1024K, 43 young (44032K), 5 survivors (5120K)
 Metaspace       used 104324K, committed 105088K, reserved 1179648K
  class space    used 14488K, committed 14848K, reserved 1048576K
}
Event: 25.759 GC heap after
{Heap after GC invocations=38 (full 0):
 garbage-first heap   total 159744K, used 99050K [0x0000000080000000, 0x0000000100000000)
  region size 1024K, 5 young (5120K), 5 survivors (5120K)
 Metaspace       used 104324K, committed 105088K, reserved 1179648K
  class space    used 14488K, committed 14848K, reserved 1048576K
}
Event: 26.541 GC heap before
{Heap before GC invocations=38 (full 0):
 garbage-first heap   total 159744K, used 135914K [0x0000000080000000, 0x0000000100000000)
  region size 1024K, 41 young (41984K), 5 survivors (5120K)
 Metaspace       used 106055K, committed 106880K, reserved 1179648K
  class space    used 14760K, committed 15168K, reserved 1048576K
}
Event: 26.552 GC heap after
{Heap after GC invocations=39 (full 0):
 garbage-first heap   total 159744K, used 104029K [0x0000000080000000, 0x0000000100000000)
  region size 1024K, 6 young (6144K), 6 survivors (6144K)
 Metaspace       used 106055K, committed 106880K, reserved 1179648K
  class space    used 14760K, committed 15168K, reserved 1048576K
}
Event: 26.920 GC heap before
{Heap before GC invocations=39 (full 0):
 garbage-first heap   total 159744K, used 132701K [0x0000000080000000, 0x0000000100000000)
  region size 1024K, 35 young (35840K), 6 survivors (6144K)
 Metaspace       used 106104K, committed 106880K, reserved 1179648K
  class space    used 14760K, committed 15168K, reserved 1048576K
}
Event: 26.929 GC heap after
{Heap after GC invocations=40 (full 0):
 garbage-first heap   total 159744K, used 106869K [0x0000000080000000, 0x0000000100000000)
  region size 1024K, 4 young (4096K), 4 survivors (4096K)
 Metaspace       used 106104K, committed 106880K, reserved 1179648K
  class space    used 14760K, committed 15168K, reserved 1048576K
}
Event: 27.281 GC heap before
{Heap before GC invocations=40 (full 0):
 garbage-first heap   total 159744K, used 132469K [0x0000000080000000, 0x0000000100000000)
  region size 1024K, 30 young (30720K), 4 survivors (4096K)
 Metaspace       used 106369K, committed 107136K, reserved 1179648K
  class space    used 14787K, committed 15168K, reserved 1048576K
}

